app/build/intermediates/manifest_merge_blame_file/debug/manifest-merger-blame-debug-report.txt
1<?xml version="1.0" encoding="utf-8"?>
2<manifest xmlns:android="http://schemas.android.com/apk/res/android"
3    package="com.example.trashmap"
4    android:versionCode="1"
5    android:versionName="1.0" >
6
7    <uses-sdk
8        android:minSdkVersion="22"
8-->src\main\AndroidManifest.xml
9        android:targetSdkVersion="30" />
9-->src\main\AndroidManifest.xml
10
11    <uses-permission android:name="android.permission.INTERNET" />
11-->src\main\AndroidManifest.xml:6:5-67
11-->src\main\AndroidManifest.xml:6:22-64
12
13    <application
13-->src\main\AndroidManifest.xml:8:5-36:19
14        android:allowBackup="true"
14-->src\main\AndroidManifest.xml:9:9-35
15        android:appComponentFactory="androidx.core.app.CoreComponentFactory"
15-->[androidx.core:core:1.3.1] AndroidManifest.xml:24:18-86
16        android:debuggable="true"
17        android:icon="@mipmap/ic_launcher1"
17-->src\main\AndroidManifest.xml:10:9-44
18        android:label="@string/app_name"
18-->src\main\AndroidManifest.xml:11:9-41
19        android:roundIcon="@mipmap/ic_launcher1_round"
19-->src\main\AndroidManifest.xml:12:9-55
20        android:supportsRtl="true"
20-->src\main\AndroidManifest.xml:13:9-35
21        android:testOnly="true"
22        android:theme="@style/Theme.MyApplication"
22-->src\main\AndroidManifest.xml:14:9-51
23        android:usesCleartextTraffic="true" >
23-->src\main\AndroidManifest.xml:15:9-44
24        <activity android:name="com.example.trashmap.MainActivity2" >
24-->src\main\AndroidManifest.xml:16:9-22:20
24-->src\main\AndroidManifest.xml:16:19-68
25            <intent-filter>
25-->src\main\AndroidManifest.xml:17:13-21:29
26                <action android:name="android.intent.action.MAIN" />
26-->src\main\AndroidManifest.xml:18:17-69
26-->src\main\AndroidManifest.xml:18:25-66
27
28                <category android:name="android.intent.category.LAUNCHER" />
28-->src\main\AndroidManifest.xml:20:17-77
28-->src\main\AndroidManifest.xml:20:27-74
29            </intent-filter>
30        </activity>
31        <activity android:name="com.example.trashmap.MainActivity" >
31-->src\main\AndroidManifest.xml:23:9-24:20
31-->src\main\AndroidManifest.xml:23:19-67
32        </activity>
33        <!-- <provider -->
34        <!-- android:name="com.example.trashmap.GenericFileProvider" -->
35        <!-- android:authorities="${applicationId}.GenericFileProvider" -->
36        <!-- android:exported="false" -->
37        <!-- android:grantUriPermissions="true" -->
38        <!-- tools:replace="android:authorities"> -->
39        <!-- <meta-data -->
40        <!-- android:name="android.support.FILE_PROVIDER_PATHS" -->
41        <!-- android:resource="@xml/provider_paths" -->
42        <!-- tools:replace="android:resource"/> -->
43        <!-- </provider> -->
44    </application>
45
46</manifest>